<?xml version="1.0" encoding="utf-8" standalone="no"?>
<!--This file represents the results of running a test suite-->
<test-results name="C:\Users\Kurt\Documents\Projects\Mubble.Indexing\Tests\Mubble.Indexing.nunit" total="1" failures="0" not-run="0" date="2008-07-08" time="20:28:15">
  <environment nunit-version="2.4.7.0" clr-version="2.0.50727.1434" os-version="Microsoft Windows NT 6.0.6001 Service Pack 1" platform="Win32NT" cwd="C:\Program Files (x86)\NUnit 2.4.7\bin" machine-name="MRKURT" user="Kurt" user-domain="MrKurt" />
  <culture-info current-culture="en-US" current-uiculture="en-US" />
  <test-suite name="C:\Users\Kurt\Documents\Projects\Mubble.Indexing\Tests\Mubble.Indexing.nunit" success="True" time="0.208" asserts="0">
    <results>
      <test-suite name="C:\Users\Kurt\Documents\Projects\Mubble.Indexing\Tests\tests.exe" success="True" time="0.193" asserts="0">
        <results>
          <test-suite name="Document_tests+DocumentTests" success="True" time="0.158" asserts="0">
            <results>
              <test-case name="Document_tests+DocumentTests.CreateDoc" executed="True" success="True" time="0.133" asserts="0" />
            </results>
          </test-suite>
        </results>
      </test-suite>
    </results>
  </test-suite>
</test-results>